{
  "0 debug pnpm:scope": {
    "selected": 17,
    "total": 17,
    "workspacePrefix": "C:\\dev\\fndj"
  },
  "1 debug pnpm:package-manifest": {
    "initial": {
      "name": "@fndj/util",
      "version": "1.0.0",
      "main": "index.js",
      "license": "MIT",
      "devDependencies": {}
    },
    "prefix": "C:\\dev\\fndj\\packages\\@fndj\\util"
  },
  "2 debug pnpm:package-manifest": {
    "initial": {
      "name": "@fndj/webpack",
      "version": "1.0.0",
      "main": "index.js",
      "browser": "index.js",
      "license": "MIT",
      "bin": {
        "fnbuild": "./lib/fnbuild.js",
        "fnserve": "./lib/fnserve.js",
        "fnwatch": "./lib/fnwatch.js"
      },
      "scripts": {
        "build": "tsc",
        "watch": "tsc --watch"
      },
      "dependencies": {
        "@babel/core": "^7.13.14",
        "@babel/plugin-proposal-class-properties": "^7.14.5",
        "@babel/plugin-syntax-top-level-await": "^7.12.13",
        "@pmmmwh/react-refresh-webpack-plugin": "^0.4.3",
        "babel-loader": "^8.2.2",
        "chalk": "^4.1.0",
        "clean-webpack-plugin": "^3.0.0",
        "cli-logger": "^0.5.40",
        "cli-table3": "^0.6.0",
        "cross-env": "^7.0.3",
        "css-hot-loader": "^1.4.4",
        "css-loader": "^5.2.0",
        "file-loader": "^6.2.0",
        "fork-ts-checker-notifier-webpack-plugin": "^3.0.0",
        "fork-ts-checker-webpack-plugin": "^6.1.0",
        "html-loader": "^2.1.2",
        "html-webpack-plugin": "^5.3.1",
        "mini-css-extract-plugin": "^1.3.5",
        "node-loader": "^1.0.2",
        "node-polyfill-webpack-plugin": "^1.1.4",
        "node-sass": "^5.0.0",
        "postcss": "^8.2.9",
        "postcss-import": "^14.0.1",
        "postcss-loader": "^5.2.0",
        "postcss-preset-env": "^6.7.0",
        "react-refresh": "^0.10.0",
        "sass": "^1.32.6",
        "sass-loader": "^11.0.1",
        "style-loader": "^2.0.0",
        "ts-loader": "^8.1.0",
        "ts-node": "^9.1.1",
        "tsconfig-paths": "^3.9.0",
        "typescript": "^4.4.2",
        "url-loader": "^4.1.1",
        "webpack": "^5.52.0",
        "webpack-cli": "^4.6.0",
        "webpack-dev-server": "^3.11.2",
        "webpack-log": "^3.0.1",
        "webpack-manifest-plugin": "^3.1.1",
        "webpack-merge": "^5.7.3",
        "webpack-notifier": "^1.13.0",
        "webpackbar": "5.0.0-3",
        "worklet-loader": "^1.0.0"
      },
      "devDependencies": {
        "@types/html-webpack-plugin": "^3.2.4",
        "@types/loader-utils": "^2.0.1",
        "@types/mini-css-extract-plugin": "^1.4.1",
        "@types/node": "^14.14.31",
        "@types/webpack": "^5.28.0",
        "@types/webpack-dev-server": "^3.11.1",
        "@types/webpackbar": "^4.0.0",
        "@typescript-eslint/eslint-plugin": "^4.20.0",
        "@typescript-eslint/parser": "^4.20.0",
        "eslint": "^7.19.0"
      }
    },
    "prefix": "C:\\dev\\fndj\\packages\\@fndj\\webpack"
  },
  "3 debug pnpm:package-manifest": {
    "initial": {
      "name": "@types/fft.js",
      "version": "4.41.26",
      "description": "TypeScript definitions for fft.js",
      "license": "MIT",
      "private": true,
      "contributors": [
        {
          "name": "Thomas Butler",
          "url": "https://github.com/rhom6us",
          "githubUsername": "rhom6us"
        }
      ],
      "types": "index.d.ts",
      "main": "index.d.ts"
    },
    "prefix": "C:\\dev\\fndj\\packages\\@types\\fft.js"
  },
  "4 debug pnpm:package-manifest": {
    "initial": {
      "name": "@types/phaze-vocoder",
      "version": "1.0.0",
      "description": "TypeScript definitions for phaze-vocoder",
      "license": "MIT",
      "private": true,
      "contributors": [
        {
          "name": "Thomas Butler",
          "url": "https://github.com/rhom6us",
          "githubUsername": "rhom6us"
        }
      ],
      "types": "index.d.ts"
    },
    "prefix": "C:\\dev\\fndj\\packages\\@types\\phaze-vocoder"
  },
  "5 debug pnpm:package-manifest": {
    "initial": {
      "name": "@types/react-styled-flex",
      "version": "1.0.19",
      "description": "TypeScript definitions for react-styled-flex",
      "license": "MIT",
      "private": true,
      "contributors": [
        {
          "name": "Thomas Butler",
          "url": "https://github.com/rhom6us",
          "githubUsername": "rhom6us"
        }
      ],
      "main": "index.d.ts",
      "types": "index.d.ts",
      "devDependencies": {
        "@types/react": "^17.0.3",
        "csstype": "^3.0.7",
        "react": "^17.0.2"
      },
      "peerDependencies": {
        "react": "^17.0.2"
      }
    },
    "prefix": "C:\\dev\\fndj\\packages\\@types\\react-styled-flex"
  },
  "6 debug pnpm:package-manifest": {
    "initial": {
      "name": "@types/waves-loaders",
      "version": "4.41.26",
      "description": "TypeScript definitions for waves-loaders",
      "license": "MIT",
      "private": true,
      "contributors": [
        {
          "name": "Thomas Butler",
          "url": "https://github.com/rhom6us",
          "githubUsername": "rhom6us"
        }
      ],
      "main": "index.d.ts",
      "types": "index.d.ts"
    },
    "prefix": "C:\\dev\\fndj\\packages\\@types\\waves-loaders"
  },
  "7 debug pnpm:package-manifest": {
    "initial": {
      "name": "@types/waves-masters",
      "version": "4.41.26",
      "description": "TypeScript definitions for waves-masters",
      "license": "MIT",
      "private": true,
      "contributors": [
        {
          "name": "Thomas Butler",
          "url": "https://github.com/rhom6us",
          "githubUsername": "rhom6us"
        }
      ],
      "main": "index.d.ts",
      "types": "index.d.ts"
    },
    "prefix": "C:\\dev\\fndj\\packages\\@types\\waves-masters"
  },
  "8 debug pnpm:package-manifest": {
    "initial": {
      "name": "@types/waves-ui",
      "version": "4.41.26",
      "description": "TypeScript definitions for waves-ui",
      "license": "MIT",
      "private": true,
      "contributors": [
        {
          "name": "Thomas Butler",
          "url": "https://github.com/rhom6us",
          "githubUsername": "rhom6us"
        }
      ],
      "types": "index.d.ts"
    },
    "prefix": "C:\\dev\\fndj\\packages\\@types\\waves-ui"
  },
  "9 debug pnpm:package-manifest": {
    "initial": {
      "name": "@types/webaudio",
      "version": "1.0.0",
      "description": "TypeScript definitions for web audio",
      "license": "MIT",
      "private": true,
      "contributors": [
        {
          "name": "Thomas Butler",
          "url": "https://github.com/rhom6us",
          "githubUsername": "rhom6us"
        }
      ],
      "main": "src/index.ts",
      "types": "src/index.d.ts",
      "devDependencies": {
        "types-web": "^0.1.19"
      }
    },
    "prefix": "C:\\dev\\fndj\\packages\\@types\\webaudio"
  },
  "10 debug pnpm:package-manifest": {
    "initial": {
      "name": "redux-command-pattern",
      "version": "1.1.0",
      "description": "",
      "main": "index.ts",
      "scripts": {
        "test": "echo \"Error: no test specified\" && exit 1"
      },
      "keywords": [],
      "author": "",
      "license": "ISC",
      "dependencies": {
        "lodash": "^4.17.15"
      },
      "devDependencies": {
        "@types/lodash": "^4.14.150"
      }
    },
    "prefix": "C:\\dev\\fndj\\packages\\redux-command-pattern"
  },
  "11 debug pnpm:package-manifest": {
    "initial": {
      "name": "superpowered",
      "version": "1.0.0",
      "description": "TypeScript definitions for superpowered",
      "license": "MIT",
      "private": true,
      "contributors": [
        {
          "name": "Thomas Butler",
          "url": "https://github.com/rhom6us",
          "githubUsername": "rhom6us"
        }
      ],
      "main": "src/index.ts",
      "types": "src/index.d.ts",
      "devDependencies": {
        "types-web": "^0.1.19"
      }
    },
    "prefix": "C:\\dev\\fndj\\packages\\superpowered"
  },
  "12 debug pnpm:package-manifest": {
    "initial": {
      "name": "@types/waves-audio",
      "version": "4.41.26",
      "description": "TypeScript definitions for waves-audio",
      "license": "MIT",
      "private": true,
      "contributors": [
        {
          "name": "Thomas Butler",
          "url": "https://github.com/rhom6us",
          "githubUsername": "rhom6us"
        }
      ],
      "types": "index.d.ts",
      "devDependencies": {
        "@types/waves-masters": "*"
      }
    },
    "prefix": "C:\\dev\\fndj\\packages\\@types\\waves-audio"
  },
  "13 debug pnpm:package-manifest": {
    "initial": {
      "name": "@types/waves-blocks",
      "version": "4.41.26",
      "description": "TypeScript definitions for waves-blocks",
      "license": "MIT",
      "private": true,
      "contributors": [
        {
          "name": "Thomas Butler",
          "url": "https://github.com/rhom6us",
          "githubUsername": "rhom6us"
        }
      ],
      "types": "index.d.ts",
      "devDependencies": {
        "@types/waves-masters": "*",
        "@types/waves-ui": "*",
        "@types/waves-audio": "*"
      }
    },
    "prefix": "C:\\dev\\fndj\\packages\\@types\\waves-blocks"
  },
  "14 debug pnpm:package-manifest": {
    "initial": {
      "name": "@fndj/core",
      "version": "1.0.0",
      "main": "index.ts",
      "license": "MIT",
      "scripts": {
        "compile": "fnbuild webApp development",
        "serve": "fnserve webApp development",
        "watch": "fnwatch webApp development"
      },
      "dependencies": {
        "@fndj/util": "workspace:*",
        "@fndj/superpowered": "workspace:*",
        "realm-web": "^1.3.0",
        "waves-audio": "^0.5.2",
        "fft.js": "^4.0.4",
        "mongodb": "^4.1.1",
        "waves-loaders": "^0.1.5"
      },
      "devDependencies": {
        "@types/fft.js": "workspace:*",
        "@types/phaze-vocoder": "workspace:*",
        "@types/waves-audio": "*",
        "@types/waves-blocks": "*",
        "@types/waves-loaders": "*"
      }
    },
    "prefix": "C:\\dev\\fndj\\packages\\@fndj\\core"
  },
  "15 debug pnpm:package-manifest": {
    "initial": {
      "name": "@fndj/main",
      "version": "1.0.0",
      "main": "index.ts",
      "license": "MIT",
      "scripts": {
        "compile": "fnbuild webApp development",
        "serve": "fnserve webApp development",
        "watch": "fnwatch webApp development"
      },
      "dependencies": {
        "@fndj/core": "workspace:*",
        "@fndj/util": "workspace:*",
        "@fndj/webpack": "workspace:*",
        "@hot-loader/react-dom": "^17.0.1",
        "classnames": "^2.2.6",
        "mongodb": "^4.1.1",
        "normalize.css": "^8.0.1",
        "phaze-vocoder": "github:olvb/phaze",
        "react": "^17.0.1",
        "react-dom": "^17.0.1",
        "react-hot-loader": "^4.13.0",
        "react-redux": "^7.2.2",
        "react-router-static": "^1.0.0",
        "realm-web": "^1.3.0",
        "redux": "^4.0.5",
        "redux-command-pattern": "*",
        "waves-audio": "wavesjs/audio",
        "waves-loaders": "^0.1.5",
        "waves-ui": "wavesjs/ui"
      },
      "devDependencies": {
        "@types/classnames": "^2.2.11",
        "@types/fft.js": "workspace:*",
        "@types/phaze-vocoder": "workspace:*",
        "@types/react": "^17.0.2",
        "@types/react-dom": "^17.0.1",
        "@types/react-redux": "^7.1.16",
        "@types/waves-audio": "*",
        "@types/waves-blocks": "*",
        "@types/waves-loaders": "*",
        "@types/waves-ui": "*"
      }
    },
    "prefix": "C:\\dev\\fndj\\packages\\@fndj\\main"
  },
  "16 debug pnpm:package-manifest": {
    "initial": {
      "name": "@fndj/ui",
      "version": "1.0.0",
      "browser": "index.ts",
      "license": "MIT",
      "private": true,
      "scripts": {
        "check-env": "node -e 'console.log(process.env)' | grep npm",
        "build": "fnbuild webApp development",
        "start": "fnserve webApp development",
        "watch": "fnwatch webApp development"
      },
      "dependencies": {
        "@fndj/core": "workspace:*",
        "@fndj/util": "workspace:*",
        "@fndj/webpack": "workspace:*",
        "classnames": "^2.3.1",
        "normalize.css": "^8.0.1",
        "prop-types": "^15.7.2",
        "react": "^17.0.1",
        "react-dom": "^17.0.1",
        "react-query": "^3.13.6",
        "react-redux": "^7.2.2",
        "react-resize-detector": "^6.6.4",
        "react-router-static": "^1.0.0",
        "react-styled-flex": "^1.0.19",
        "redux": "^4.0.5",
        "redux-command-pattern": "*",
        "styled-components": "^5.2.3",
        "waves-loaders": "^0.1.5",
        "waves-ui": "github:wavesjs/waves-ui",
        "wavesurfer.js": "^5.2.0"
      },
      "devDependencies": {
        "@types/classnames": "^2.2.11",
        "@types/prop-types": "^15.7.3",
        "@types/react": "^17.0.2",
        "@types/react-dom": "^17.0.1",
        "@types/react-redux": "^7.1.16",
        "@types/react-styled-flex": "workspace:^1.0.19",
        "@types/styled-components": "^5.1.9",
        "@types/waves-loaders": "workspace:^4.41.26",
        "@types/waves-ui": "workspace:*",
        "@types/wavesurfer.js": "^5.2.0",
        "typescript-styled-plugin": "^0.15.0"
      }
    },
    "prefix": "C:\\dev\\fndj\\packages\\@fndj\\ui"
  },
  "17 debug pnpm:package-manifest": {
    "initial": {
      "name": "fndj",
      "version": "1.0.0",
      "private": true,
      "license": "MIT",
      "author": "Thomas Butler",
      "main": "index.js",
      "scripts": {
        "start": "pnpm -C packages/@fndj/ui start",
        "wp-main": "run-s --print-name wp start-main",
        "start-main": "pnpm -C packages/@fndj/main serve",
        "build": "pnpm -C packages/@fndj/ui build",
        "wp": "pnpm -C packages/@fndj/webpack build",
        "wp-watch": "pnpm -C packages/@fndj/webpack watch",
        "check-env": "node -e 'console.log(process.env)' | grep npm",
        "lint": "eslint . --ext .js,.jsx,.ts,.tsx --quiet",
        "lint-fix": "eslint . --ext .js,.jsx,.ts,.tsx --fix",
        "prettier-format": "prettier --config .prettierrc 'src/**/*.ts' --write",
        "reinstall": "pnpm install --force"
      },
      "husky": {
        "hooks": {
          "pre-commit": "lint-staged"
        }
      },
      "lint-staged": {
        "never.{ts,tsx,js,jsx,css,scss,json,md,html,yml,yaml,md}": [
          "eslint --fix",
          "git add"
        ]
      },
      "devDependencies": {
        "@typescript-eslint/eslint-plugin": "^4.20.0",
        "@typescript-eslint/parser": "^4.20.0",
        "eslint": "^7.19.0",
        "eslint-config-prettier": "^7.2.0",
        "eslint-plugin-no-loops": "^0.3.0",
        "eslint-plugin-prettier": "^3.3.1",
        "eslint-plugin-react": "^7.22.0",
        "eslint-plugin-react-hooks": "^4.2.0",
        "husky": "^4.3.8",
        "lint-staged": "^10.5.3",
        "npm-run-all": "^4.1.5",
        "pnpm": "^6.0.1",
        "prettier": "^2.2.1",
        "prettier-plugin-packagejson": "^2.2.9",
        "typescript": "^4.4.2"
      }
    },
    "prefix": "C:\\dev\\fndj"
  },
  "18 debug pnpm:context": {
    "currentLockfileExists": true,
    "storeDir": "\\dev\\.pnpm-store\\v3",
    "virtualStoreDir": "C:\\dev\\fndj\\node_modules\\.pnpm"
  },
  "19 debug pnpm:stage": {
    "prefix": "C:\\dev\\fndj",
    "stage": "resolution_started"
  },
  "20 debug pnpm:_dependency_resolved": {
    "resolution": "link:../../@types/fft.js",
    "wanted": {
      "dependentId": "packages/@fndj/core",
      "name": "@types/fft.js",
      "rawSpec": "workspace:*"
    }
  },
  "21 debug pnpm:_dependency_resolved": {
    "resolution": "link:../../@types/phaze-vocoder",
    "wanted": {
      "dependentId": "packages/@fndj/core",
      "name": "@types/phaze-vocoder",
      "rawSpec": "workspace:*"
    }
  },
  "22 debug pnpm:_dependency_resolved": {
    "resolution": "link:../util",
    "wanted": {
      "dependentId": "packages/@fndj/core",
      "name": "@fndj/util",
      "rawSpec": "workspace:*"
    }
  },
  "23 debug pnpm:_dependency_resolved": {
    "resolution": "link:../../@types/fft.js",
    "wanted": {
      "dependentId": "packages/@fndj/main",
      "name": "@types/fft.js",
      "rawSpec": "workspace:*"
    }
  },
  "24 debug pnpm:_dependency_resolved": {
    "resolution": "link:../../@types/phaze-vocoder",
    "wanted": {
      "dependentId": "packages/@fndj/main",
      "name": "@types/phaze-vocoder",
      "rawSpec": "workspace:*"
    }
  },
  "25 debug pnpm:_dependency_resolved": {
    "resolution": "link:../core",
    "wanted": {
      "dependentId": "packages/@fndj/main",
      "name": "@fndj/core",
      "rawSpec": "workspace:*"
    }
  },
  "26 debug pnpm:_dependency_resolved": {
    "resolution": "link:../util",
    "wanted": {
      "dependentId": "packages/@fndj/main",
      "name": "@fndj/util",
      "rawSpec": "workspace:*"
    }
  },
  "27 debug pnpm:_dependency_resolved": {
    "resolution": "link:../webpack",
    "wanted": {
      "dependentId": "packages/@fndj/main",
      "name": "@fndj/webpack",
      "rawSpec": "workspace:*"
    }
  },
  "28 error pnpm": {
    "code": "ERR_PNPM_NO_MATCHING_VERSION_INSIDE_WORKSPACE",
    "pkgsStack": [],
    "err": {
      "name": "Error",
      "message": "In ..\\..\\@fndj\\core: No matching version found for @fndj/superpowered@* inside the workspace",
      "code": "ERR_PNPM_NO_MATCHING_VERSION_INSIDE_WORKSPACE",
      "stack": "Error: In ..\\..\\@fndj\\core: No matching version found for @fndj/superpowered@* inside the workspace\n    at tryResolveFromWorkspace (C:\\Users\\thoma\\AppData\\Roaming\\npm\\pnpm-global\\5\\node_modules\\.pnpm\\pnpm@6.0.2\\node_modules\\pnpm\\dist\\pnpm.cjs:62323:13)\n    at resolveNpm (C:\\Users\\thoma\\AppData\\Roaming\\npm\\pnpm-global\\5\\node_modules\\.pnpm\\pnpm@6.0.2\\node_modules\\pnpm\\dist\\pnpm.cjs:62232:37)\n    at Object.resolve (C:\\Users\\thoma\\AppData\\Roaming\\npm\\pnpm-global\\5\\node_modules\\.pnpm\\pnpm@6.0.2\\node_modules\\pnpm\\dist\\pnpm.cjs:62426:38)\n    at ctx.requestsQueue.add.priority (C:\\Users\\thoma\\AppData\\Roaming\\npm\\pnpm-global\\5\\node_modules\\.pnpm\\pnpm@6.0.2\\node_modules\\pnpm\\dist\\pnpm.cjs:84912:73)\n    at run (C:\\Users\\thoma\\AppData\\Roaming\\npm\\pnpm-global\\5\\node_modules\\.pnpm\\pnpm@6.0.2\\node_modules\\pnpm\\dist\\pnpm.cjs:84698:88)\n    at PQueue._tryToStartAnother (C:\\Users\\thoma\\AppData\\Roaming\\npm\\pnpm-global\\5\\node_modules\\.pnpm\\pnpm@6.0.2\\node_modules\\pnpm\\dist\\pnpm.cjs:84652:11)\n    at C:\\Users\\thoma\\AppData\\Roaming\\npm\\pnpm-global\\5\\node_modules\\.pnpm\\pnpm@6.0.2\\node_modules\\pnpm\\dist\\pnpm.cjs:84711:14\n    at new Promise (<anonymous>)\n    at PQueue.add (C:\\Users\\thoma\\AppData\\Roaming\\npm\\pnpm-global\\5\\node_modules\\.pnpm\\pnpm@6.0.2\\node_modules\\pnpm\\dist\\pnpm.cjs:84693:14)\n    at resolveAndFetch (C:\\Users\\thoma\\AppData\\Roaming\\npm\\pnpm-global\\5\\node_modules\\.pnpm\\pnpm@6.0.2\\node_modules\\pnpm\\dist\\pnpm.cjs:84912:53)"
    }
  }
}