{
  "0 debug pnpm:scope": {
    "selected": 1,
    "workspacePrefix": "C:\\dev\\fndj"
  },
  "1 debug pnpm:package-manifest": {
    "initial": {
      "name": "@fndj/superpowered",
      "version": "1.0.0",
      "description": "TypeScript definitions for superpowered",
      "license": "MIT",
      "private": true,
      "contributors": [
        {
          "name": "Thomas Butler",
          "url": "https://github.com/rhom6us",
          "githubUsername": "rhom6us"
        }
      ],
      "main": "index.js",
      "types": "index.d.ts"
    },
    "prefix": "C:\\dev\\fndj\\packages\\superpowered"
  },
  "2 debug pnpm:context": {
    "currentLockfileExists": true,
    "storeDir": "\\dev\\.pnpm-store\\v3",
    "virtualStoreDir": "C:\\dev\\fndj\\node_modules\\.pnpm"
  },
  "3 debug pnpm:stage": {
    "prefix": "C:\\dev\\fndj",
    "stage": "resolution_started"
  },
  "4 error pnpm": {
    "code": "ERR_PNPM_FETCH_404",
    "hint": "@types/webaudio is not in the npm registry, or you have no permission to fetch it.\n\nAn authorization header was used: Bearer 5843[hidden]",
    "request": {
      "authHeaderValue": "Bearer 58434fbc-f646-4fec-a4a2-cd30d1c4e396",
      "url": "https://registry.npmjs.org/@types%2Fwebaudio"
    },
    "response": {
      "size": 0,
      "timeout": 0
    },
    "pkgName": "@types/webaudio",
    "pkgsStack": [],
    "err": {
      "name": "Error",
      "message": "GET https://registry.npmjs.org/@types%2Fwebaudio: Not Found - 404",
      "code": "ERR_PNPM_FETCH_404",
      "stack": "Error: GET https://registry.npmjs.org/@types%2Fwebaudio: Not Found - 404\n    at RetryOperation._fn (C:\\Users\\thoma\\AppData\\Roaming\\npm\\pnpm-global\\5\\node_modules\\.pnpm\\pnpm@6.0.2\\node_modules\\pnpm\\dist\\pnpm.cjs:62088:16)\n    at processTicksAndRejections (internal/process/task_queues.js:95:5)"
    }
  }
}